<?xml version="1.0" encoding="UTF-8"?>
<!-- Generated by org.testng.reporters.JUnitReportReporter -->
<testsuite hostname="LAPTOP-IQ06DEC2" failures="0" tests="1" name="com.testng.ParameterizedTest" time="11.508" errors="0" timestamp="2023-06-15T12:32:13 IST" skipped="0">
  <testcase classname="com.testng.ParameterizedTest" name="logIn" time="11.508"/>
  <system-out/>
</testsuite> <!-- com.testng.ParameterizedTest -->
