<?xml version="1.0" encoding="UTF-8"?>
<!-- Generated by org.testng.reporters.JUnitReportReporter -->
<testsuite hostname="LAPTOP-IQ06DEC2" failures="0" tests="5" name="com.testng.SimpleAnnotation" time="30.694" errors="0" timestamp="2023-06-29T13:38:10 IST" skipped="1">
  <testcase classname="com.testng.SimpleAnnotation" name="shoes" time="8.595"/>
  <system-out/>
  <testcase classname="com.testng.SimpleAnnotation" name="shoes" time="7.221"/>
  <system-out/>
  <testcase classname="com.testng.SimpleAnnotation" name="shoes" time="7.658"/>
  <system-out/>
  <testcase classname="com.testng.SimpleAnnotation" name="shoes" time="7.220"/>
  <system-out/>
  <testcase classname="com.testng.SimpleAnnotation" name="dresses">
    <skipped/>
  </testcase> <!-- dresses -->
  <system-out/>
</testsuite> <!-- com.testng.SimpleAnnotation -->
