<?xml version="1.0" encoding="UTF-8"?>
<!-- Generated by org.testng.reporters.JUnitReportReporter -->
<testsuite hostname="LAPTOP-IQ06DEC2" failures="0" tests="2" name="com.testng.ExceptionTest" time="0.013" errors="0" timestamp="2023-06-29T13:40:18 IST" skipped="0">
  <testcase classname="com.testng.ExceptionTest" name="add" time="0.009"/>
  <system-out/>
  <testcase classname="com.testng.ExceptionTest" name="divide" time="0.004"/>
  <system-out/>
</testsuite> <!-- com.testng.ExceptionTest -->
