<?xml version="1.0" encoding="UTF-8"?>
<!-- Generated by org.testng.reporters.JUnitReportReporter -->
<testsuite hostname="LAPTOP-IQ06DEC2" failures="0" tests="3" name="com.testng.DataProvider_Concept" time="35.244" errors="0" timestamp="2023-06-15T12:52:43 IST" skipped="0">
  <testcase classname="com.testng.DataProvider_Concept" name="logIn" time="11.972"/>
  <system-out/>
  <testcase classname="com.testng.DataProvider_Concept" name="logIn" time="12.134"/>
  <system-out/>
  <testcase classname="com.testng.DataProvider_Concept" name="logIn" time="11.138"/>
  <system-out/>
</testsuite> <!-- com.testng.DataProvider_Concept -->
