<?xml version="1.0" encoding="UTF-8"?>
<!-- Generated by org.testng.reporters.JUnitReportReporter -->
<testsuite hostname="LAPTOP-IQ06DEC2" failures="0" tests="2" name="com.testng.Parallel_Execution" time="19.395" errors="0" timestamp="2023-06-16T12:36:08 IST" skipped="0">
  <testcase classname="com.testng.Parallel_Execution" name="amazon02" time="9.297"/>
  <system-out/>
  <testcase classname="com.testng.Parallel_Execution" name="amazon01" time="10.098"/>
  <system-out/>
</testsuite> <!-- com.testng.Parallel_Execution -->
