<?xml version="1.0" encoding="UTF-8"?>
<!-- Generated by org.testng.reporters.JUnitReportReporter -->
<testsuite hostname="LAPTOP-IQ06DEC2" failures="0" tests="4" name="com.testng.Grouping_Concept" time="17.714" errors="0" timestamp="2023-06-19T12:32:19 IST" skipped="0">
  <testcase classname="com.testng.Grouping_Concept" name="watch" time="4.166"/>
  <system-out/>
  <testcase classname="com.testng.Grouping_Concept" name="mobiles" time="3.923"/>
  <system-out/>
  <testcase classname="com.testng.Grouping_Concept" name="shoes" time="5.602"/>
  <system-out/>
  <testcase classname="com.testng.Grouping_Concept" name="lapTop" time="4.023"/>
  <system-out/>
</testsuite> <!-- com.testng.Grouping_Concept -->
